<?xml version="1.0" encoding="UTF-8"?>
<logger class="org.jpos.util.DailyLogListener">
<log realm="Q2.system" at="2021-09-19T13:36:30.840586">
  <info>
    Q2 started, deployDir=/Users/powercommerceasia/Desktop/Power/Development/my/test-iso/deploy, environment=default
  </info>
</log>
<log realm="Q2.system" at="2021-09-19T13:36:31.506532" lifespan="654ms">
  <version>
    jPOS 2.1.3 master/95b8dce (2019-06-16 15:16:57 ART) 

-----BEGIN PGP SIGNED MESSAGE-----
Hash: SHA1

jPOS Community Edition, licensed under GNU AGPL v3.0.
This software is probably not suitable for commercial use.
Please see http://jpos.org/license for details.

-----BEGIN PGP SIGNATURE-----
Version: GnuPG v1.4.9 (Darwin)

iQEcBAEBAgAGBQJMolHDAAoJEOQyeO71nYtFv74H/3OgehDGEy1VXp2U3/GcAobg
HH2eZjPUz53r38ARPiU3pzm9LwDa3WZgJJaa/b9VrJwKvbPwe9+0kY3gScDE1skT
ladHt+KHHmGQArEutkzHlpZa73RbroFEIa1qmN6MaDEHGoxZqDh0Sv2cpvOaVYGO
St8ZaddLBPC17bSjAPWo9sWbvL7FgPFOHhnPmbeux8SLtnfWxXWsgo5hLBanKmO1
1z+I/w/6DL6ZYZU6bAJUk+eyVVImJqw0x3IEElI07Nh9MC6BA4iJ77ejobj8HI2r
q9ulRPEqH9NR79619lNKVUkE206dVlXo7xHmJS1QZy5v/GT66xBxyDVfTduPFXk=
=oP+v
-----END PGP SIGNATURE-----

  </version>
</log>
<log realm="Q2.system" at="2021-09-19T13:36:31.523785" lifespan="9ms">
  <info>
    deploy: /Users/powercommerceasia/Desktop/Power/Development/my/test-iso/deploy/10_server_incoming.xml
  </info>
</log>
<log realm="Q2.system" at="2021-09-19T13:36:31.534195" lifespan="9ms">
  <info>
    deploy: /Users/powercommerceasia/Desktop/Power/Development/my/test-iso/deploy/99_sysmon.xml
  </info>
</log>
<log realm="org.jpos.q2.iso.QServer" at="2021-09-19T13:36:42.192780">
  <warn>
    error starting service
    <iso-exception>
      org.jpos.core.ConfigurationException: Error reading cfg/altopackager.xml (org.jpos.iso.ISOException: Error reading cfg/altopackager.xml (java.io.FileNotFoundException: http://jpos.org/dtd/genericpackager.dtd))
      <iso-exception>
        Error reading cfg/altopackager.xml
        <iso-exception>
          Error reading cfg/altopackager.xml
          <nested-exception>
          java.io.FileNotFoundException: http://jpos.org/dtd/genericpackager.dtd
	at java.base/sun.net.www.protocol.http.HttpURLConnection.getInputStream0(HttpURLConnection.java:1928)
	at java.base/sun.net.www.protocol.http.HttpURLConnection.getInputStream(HttpURLConnection.java:1528)
	at java.xml/com.sun.org.apache.xerces.internal.impl.XMLEntityManager.setupCurrentEntity(XMLEntityManager.java:676)
	at java.xml/com.sun.org.apache.xerces.internal.impl.XMLEntityManager.startEntity(XMLEntityManager.java:1398)
	at java.xml/com.sun.org.apache.xerces.internal.impl.XMLEntityManager.startDTDEntity(XMLEntityManager.java:1364)
	at java.xml/com.sun.org.apache.xerces.internal.impl.XMLDTDScannerImpl.setInputSource(XMLDTDScannerImpl.java:257)
	at java.xml/com.sun.org.apache.xerces.internal.impl.XMLDocumentScannerImpl$DTDDriver.dispatch(XMLDocumentScannerImpl.java:1152)
	at java.xml/com.sun.org.apache.xerces.internal.impl.XMLDocumentScannerImpl$DTDDriver.next(XMLDocumentScannerImpl.java:1040)
	at java.xml/com.sun.org.apache.xerces.internal.impl.XMLDocumentScannerImpl$PrologDriver.next(XMLDocumentScannerImpl.java:943)
	at java.xml/com.sun.org.apache.xerces.internal.impl.XMLDocumentScannerImpl.next(XMLDocumentScannerImpl.java:605)
	at java.xml/com.sun.org.apache.xerces.internal.impl.XMLNSDocumentScannerImpl.next(XMLNSDocumentScannerImpl.java:112)
	at java.xml/com.sun.org.apache.xerces.internal.impl.XMLDocumentFragmentScannerImpl.scanDocument(XMLDocumentFragmentScannerImpl.java:541)
	at java.xml/com.sun.org.apache.xerces.internal.parsers.XML11Configuration.parse(XML11Configuration.java:888)
	at java.xml/com.sun.org.apache.xerces.internal.parsers.XML11Configuration.parse(XML11Configuration.java:824)
	at java.xml/com.sun.org.apache.xerces.internal.parsers.XMLParser.parse(XMLParser.java:141)
	at java.xml/com.sun.org.apache.xerces.internal.parsers.AbstractSAXParser.parse(AbstractSAXParser.java:1149)
	at org.jpos.iso.packager.GenericPackager.readFile(GenericPackager.java:197)
	at org.jpos.iso.packager.GenericPackager.setConfiguration(GenericPackager.java:154)
	at org.jpos.q2.QFactory.setConfiguration(QFactory.java:388)
	at org.jpos.q2.iso.ChannelAdaptor.newChannel(ChannelAdaptor.java:202)
	at org.jpos.q2.iso.QServer.newChannel(QServer.java:87)
	at org.jpos.q2.iso.QServer.initServer(QServer.java:96)
	at org.jpos.q2.iso.QServer.startService(QServer.java:157)
	at org.jpos.q2.QBeanSupport.start(QBeanSupport.java:137)
	at java.base/jdk.internal.reflect.NativeMethodAccessorImpl.invoke0(Native Method)
	at java.base/jdk.internal.reflect.NativeMethodAccessorImpl.invoke(NativeMethodAccessorImpl.java:62)
	at java.base/jdk.internal.reflect.DelegatingMethodAccessorImpl.invoke(DelegatingMethodAccessorImpl.java:43)
	at java.base/java.lang.reflect.Method.invoke(Method.java:564)
	at sun.reflect.misc.Trampoline.invoke(MethodUtil.java:71)
	at jdk.internal.reflect.GeneratedMethodAccessor1.invoke(Unknown Source)
	at java.base/jdk.internal.reflect.DelegatingMethodAccessorImpl.invoke(DelegatingMethodAccessorImpl.java:43)
	at java.base/java.lang.reflect.Method.invoke(Method.java:564)
	at java.base/sun.reflect.misc.MethodUtil.invoke(MethodUtil.java:260)
	at java.management/com.sun.jmx.mbeanserver.StandardMBeanIntrospector.invokeM2(StandardMBeanIntrospector.java:112)
	at java.management/com.sun.jmx.mbeanserver.StandardMBeanIntrospector.invokeM2(StandardMBeanIntrospector.java:46)
	at java.management/com.sun.jmx.mbeanserver.MBeanIntrospector.invokeM(MBeanIntrospector.java:237)
	at java.management/com.sun.jmx.mbeanserver.PerInterface.invoke(PerInterface.java:138)
	at java.management/com.sun.jmx.mbeanserver.MBeanSupport.invoke(MBeanSupport.java:252)
	at java.management/com.sun.jmx.interceptor.DefaultMBeanServerInterceptor.invoke(DefaultMBeanServerInterceptor.java:809)
	at java.management/com.sun.jmx.mbeanserver.JmxMBeanServer.invoke(JmxMBeanServer.java:801)
	at org.jpos.q2.QFactory.startQBean(QFactory.java:183)
	at org.jpos.q2.Q2.start(Q2.java:637)
	at org.jpos.q2.Q2.deploy(Q2.java:418)
	at org.jpos.q2.Q2.run(Q2.java:267)
	at java.base/java.lang.Thread.run(Thread.java:832)
          </nested-exception>
          org.jpos.iso.ISOException: Error reading cfg/altopackager.xml (java.io.FileNotFoundException: http://jpos.org/dtd/genericpackager.dtd)
	at org.jpos.iso.packager.GenericPackager.setConfiguration(GenericPackager.java:157)
	at org.jpos.q2.QFactory.setConfiguration(QFactory.java:388)
	at org.jpos.q2.iso.ChannelAdaptor.newChannel(ChannelAdaptor.java:202)
	at org.jpos.q2.iso.QServer.newChannel(QServer.java:87)
	at org.jpos.q2.iso.QServer.initServer(QServer.java:96)
	at org.jpos.q2.iso.QServer.startService(QServer.java:157)
	at org.jpos.q2.QBeanSupport.start(QBeanSupport.java:137)
	at java.base/jdk.internal.reflect.NativeMethodAccessorImpl.invoke0(Native Method)
	at java.base/jdk.internal.reflect.NativeMethodAccessorImpl.invoke(NativeMethodAccessorImpl.java:62)
	at java.base/jdk.internal.reflect.DelegatingMethodAccessorImpl.invoke(DelegatingMethodAccessorImpl.java:43)
	at java.base/java.lang.reflect.Method.invoke(Method.java:564)
	at sun.reflect.misc.Trampoline.invoke(MethodUtil.java:71)
	at jdk.internal.reflect.GeneratedMethodAccessor1.invoke(Unknown Source)
	at java.base/jdk.internal.reflect.DelegatingMethodAccessorImpl.invoke(DelegatingMethodAccessorImpl.java:43)
	at java.base/java.lang.reflect.Method.invoke(Method.java:564)
	at java.base/sun.reflect.misc.MethodUtil.invoke(MethodUtil.java:260)
	at java.management/com.sun.jmx.mbeanserver.StandardMBeanIntrospector.invokeM2(StandardMBeanIntrospector.java:112)
	at java.management/com.sun.jmx.mbeanserver.StandardMBeanIntrospector.invokeM2(StandardMBeanIntrospector.java:46)
	at java.management/com.sun.jmx.mbeanserver.MBeanIntrospector.invokeM(MBeanIntrospector.java:237)
	at java.management/com.sun.jmx.mbeanserver.PerInterface.invoke(PerInterface.java:138)
	at java.management/com.sun.jmx.mbeanserver.MBeanSupport.invoke(MBeanSupport.java:252)
	at java.management/com.sun.jmx.interceptor.DefaultMBeanServerInterceptor.invoke(DefaultMBeanServerInterceptor.java:809)
	at java.management/com.sun.jmx.mbeanserver.JmxMBeanServer.invoke(JmxMBeanServer.java:801)
	at org.jpos.q2.QFactory.startQBean(QFactory.java:183)
	at org.jpos.q2.Q2.start(Q2.java:637)
	at org.jpos.q2.Q2.deploy(Q2.java:418)
	at org.jpos.q2.Q2.run(Q2.java:267)
	at java.base/java.lang.Thread.run(Thread.java:832)
Nested:java.io.FileNotFoundException: http://jpos.org/dtd/genericpackager.dtd
	at java.base/sun.net.www.protocol.http.HttpURLConnection.getInputStream0(HttpURLConnection.java:1928)
	at java.base/sun.net.www.protocol.http.HttpURLConnection.getInputStream(HttpURLConnection.java:1528)
	at java.xml/com.sun.org.apache.xerces.internal.impl.XMLEntityManager.setupCurrentEntity(XMLEntityManager.java:676)
	at java.xml/com.sun.org.apache.xerces.internal.impl.XMLEntityManager.startEntity(XMLEntityManager.java:1398)
	at java.xml/com.sun.org.apache.xerces.internal.impl.XMLEntityManager.startDTDEntity(XMLEntityManager.java:1364)
	at java.xml/com.sun.org.apache.xerces.internal.impl.XMLDTDScannerImpl.setInputSource(XMLDTDScannerImpl.java:257)
	at java.xml/com.sun.org.apache.xerces.internal.impl.XMLDocumentScannerImpl$DTDDriver.dispatch(XMLDocumentScannerImpl.java:1152)
	at java.xml/com.sun.org.apache.xerces.internal.impl.XMLDocumentScannerImpl$DTDDriver.next(XMLDocumentScannerImpl.java:1040)
	at java.xml/com.sun.org.apache.xerces.internal.impl.XMLDocumentScannerImpl$PrologDriver.next(XMLDocumentScannerImpl.java:943)
	at java.xml/com.sun.org.apache.xerces.internal.impl.XMLDocumentScannerImpl.next(XMLDocumentScannerImpl.java:605)
	at java.xml/com.sun.org.apache.xerces.internal.impl.XMLNSDocumentScannerImpl.next(XMLNSDocumentScannerImpl.java:112)
	at java.xml/com.sun.org.apache.xerces.internal.impl.XMLDocumentFragmentScannerImpl.scanDocument(XMLDocumentFragmentScannerImpl.java:541)
	at java.xml/com.sun.org.apache.xerces.internal.parsers.XML11Configuration.parse(XML11Configuration.java:888)
	at java.xml/com.sun.org.apache.xerces.internal.parsers.XML11Configuration.parse(XML11Configuration.java:824)
	at java.xml/com.sun.org.apache.xerces.internal.parsers.XMLParser.parse(XMLParser.java:141)
	at java.xml/com.sun.org.apache.xerces.internal.parsers.AbstractSAXParser.parse(AbstractSAXParser.java:1149)
	at org.jpos.iso.packager.GenericPackager.readFile(GenericPackager.java:197)
	at org.jpos.iso.packager.GenericPackager.setConfiguration(GenericPackager.java:154)
	at org.jpos.q2.QFactory.setConfiguration(QFactory.java:388)
	at org.jpos.q2.iso.ChannelAdaptor.newChannel(ChannelAdaptor.java:202)
	at org.jpos.q2.iso.QServer.newChannel(QServer.java:87)
	at org.jpos.q2.iso.QServer.initServer(QServer.java:96)
	at org.jpos.q2.iso.QServer.startService(QServer.java:157)
	at org.jpos.q2.QBeanSupport.start(QBeanSupport.java:137)
	at java.base/jdk.internal.reflect.NativeMethodAccessorImpl.invoke0(Native Method)
	at java.base/jdk.internal.reflect.NativeMethodAccessorImpl.invoke(NativeMethodAccessorImpl.java:62)
	at java.base/jdk.internal.reflect.DelegatingMethodAccessorImpl.invoke(DelegatingMethodAccessorImpl.java:43)
	at java.base/java.lang.reflect.Method.invoke(Method.java:564)
	at sun.reflect.misc.Trampoline.invoke(MethodUtil.java:71)
	at jdk.internal.reflect.GeneratedMethodAccessor1.invoke(Unknown Source)
	at java.base/jdk.internal.reflect.DelegatingMethodAccessorImpl.invoke(DelegatingMethodAccessorImpl.java:43)
	at java.base/java.lang.reflect.Method.invoke(Method.java:564)
	at java.base/sun.reflect.misc.MethodUtil.invoke(MethodUtil.java:260)
	at java.management/com.sun.jmx.mbeanserver.StandardMBeanIntrospector.invokeM2(StandardMBeanIntrospector.java:112)
	at java.management/com.sun.jmx.mbeanserver.StandardMBeanIntrospector.invokeM2(StandardMBeanIntrospector.java:46)
	at java.management/com.sun.jmx.mbeanserver.MBeanIntrospector.invokeM(MBeanIntrospector.java:237)
	at java.management/com.sun.jmx.mbeanserver.PerInterface.invoke(PerInterface.java:138)
	at java.management/com.sun.jmx.mbeanserver.MBeanSupport.invoke(MBeanSupport.java:252)
	at java.management/com.sun.jmx.interceptor.DefaultMBeanServerInterceptor.invoke(DefaultMBeanServerInterceptor.java:809)
	at java.management/com.sun.jmx.mbeanserver.JmxMBeanServer.invoke(JmxMBeanServer.java:801)
	at org.jpos.q2.QFactory.startQBean(QFactory.java:183)
	at org.jpos.q2.Q2.start(Q2.java:637)
	at org.jpos.q2.Q2.deploy(Q2.java:418)
	at org.jpos.q2.Q2.run(Q2.java:267)
	at java.base/java.lang.Thread.run(Thread.java:832)
        </iso-exception>
        org.jpos.core.ConfigurationException: Error reading cfg/altopackager.xml (org.jpos.iso.ISOException: Error reading cfg/altopackager.xml (java.io.FileNotFoundException: http://jpos.org/dtd/genericpackager.dtd))
	at org.jpos.iso.packager.GenericPackager.setConfiguration(GenericPackager.java:157)
	at org.jpos.q2.QFactory.setConfiguration(QFactory.java:388)
	at org.jpos.q2.iso.ChannelAdaptor.newChannel(ChannelAdaptor.java:202)
	at org.jpos.q2.iso.QServer.newChannel(QServer.java:87)
	at org.jpos.q2.iso.QServer.initServer(QServer.java:96)
	at org.jpos.q2.iso.QServer.startService(QServer.java:157)
	at org.jpos.q2.QBeanSupport.start(QBeanSupport.java:137)
	at java.base/jdk.internal.reflect.NativeMethodAccessorImpl.invoke0(Native Method)
	at java.base/jdk.internal.reflect.NativeMethodAccessorImpl.invoke(NativeMethodAccessorImpl.java:62)
	at java.base/jdk.internal.reflect.DelegatingMethodAccessorImpl.invoke(DelegatingMethodAccessorImpl.java:43)
	at java.base/java.lang.reflect.Method.invoke(Method.java:564)
	at sun.reflect.misc.Trampoline.invoke(MethodUtil.java:71)
	at jdk.internal.reflect.GeneratedMethodAccessor1.invoke(Unknown Source)
	at java.base/jdk.internal.reflect.DelegatingMethodAccessorImpl.invoke(DelegatingMethodAccessorImpl.java:43)
	at java.base/java.lang.reflect.Method.invoke(Method.java:564)
	at java.base/sun.reflect.misc.MethodUtil.invoke(MethodUtil.java:260)
	at java.management/com.sun.jmx.mbeanserver.StandardMBeanIntrospector.invokeM2(StandardMBeanIntrospector.java:112)
	at java.management/com.sun.jmx.mbeanserver.StandardMBeanIntrospector.invokeM2(StandardMBeanIntrospector.java:46)
	at java.management/com.sun.jmx.mbeanserver.MBeanIntrospector.invokeM(MBeanIntrospector.java:237)
	at java.management/com.sun.jmx.mbeanserver.PerInterface.invoke(PerInterface.java:138)
	at java.management/com.sun.jmx.mbeanserver.MBeanSupport.invoke(MBeanSupport.java:252)
	at java.management/com.sun.jmx.interceptor.DefaultMBeanServerInterceptor.invoke(DefaultMBeanServerInterceptor.java:809)
	at java.management/com.sun.jmx.mbeanserver.JmxMBeanServer.invoke(JmxMBeanServer.java:801)
	at org.jpos.q2.QFactory.startQBean(QFactory.java:183)
	at org.jpos.q2.Q2.start(Q2.java:637)
	at org.jpos.q2.Q2.deploy(Q2.java:418)
	at org.jpos.q2.Q2.run(Q2.java:267)
	at java.base/java.lang.Thread.run(Thread.java:832)
Nested:org.jpos.iso.ISOException: Error reading cfg/altopackager.xml (java.io.FileNotFoundException: http://jpos.org/dtd/genericpackager.dtd)
	at org.jpos.iso.packager.GenericPackager.setConfiguration(GenericPackager.java:157)
	at org.jpos.q2.QFactory.setConfiguration(QFactory.java:388)
	at org.jpos.q2.iso.ChannelAdaptor.newChannel(ChannelAdaptor.java:202)
	at org.jpos.q2.iso.QServer.newChannel(QServer.java:87)
	at org.jpos.q2.iso.QServer.initServer(QServer.java:96)
	at org.jpos.q2.iso.QServer.startService(QServer.java:157)
	at org.jpos.q2.QBeanSupport.start(QBeanSupport.java:137)
	at java.base/jdk.internal.reflect.NativeMethodAccessorImpl.invoke0(Native Method)
	at java.base/jdk.internal.reflect.NativeMethodAccessorImpl.invoke(NativeMethodAccessorImpl.java:62)
	at java.base/jdk.internal.reflect.DelegatingMethodAccessorImpl.invoke(DelegatingMethodAccessorImpl.java:43)
	at java.base/java.lang.reflect.Method.invoke(Method.java:564)
	at sun.reflect.misc.Trampoline.invoke(MethodUtil.java:71)
	at jdk.internal.reflect.GeneratedMethodAccessor1.invoke(Unknown Source)
	at java.base/jdk.internal.reflect.DelegatingMethodAccessorImpl.invoke(DelegatingMethodAccessorImpl.java:43)
	at java.base/java.lang.reflect.Method.invoke(Method.java:564)
	at java.base/sun.reflect.misc.MethodUtil.invoke(MethodUtil.java:260)
	at java.management/com.sun.jmx.mbeanserver.StandardMBeanIntrospector.invokeM2(StandardMBeanIntrospector.java:112)
	at java.management/com.sun.jmx.mbeanserver.StandardMBeanIntrospector.invokeM2(StandardMBeanIntrospector.java:46)
	at java.management/com.sun.jmx.mbeanserver.MBeanIntrospector.invokeM(MBeanIntrospector.java:237)
	at java.management/com.sun.jmx.mbeanserver.PerInterface.invoke(PerInterface.java:138)
	at java.management/com.sun.jmx.mbeanserver.MBeanSupport.invoke(MBeanSupport.java:252)
	at java.management/com.sun.jmx.interceptor.DefaultMBeanServerInterceptor.invoke(DefaultMBeanServerInterceptor.java:809)
	at java.management/com.sun.jmx.mbeanserver.JmxMBeanServer.invoke(JmxMBeanServer.java:801)
	at org.jpos.q2.QFactory.startQBean(QFactory.java:183)
	at org.jpos.q2.Q2.start(Q2.java:637)
	at org.jpos.q2.Q2.deploy(Q2.java:418)
	at org.jpos.q2.Q2.run(Q2.java:267)
	at java.base/java.lang.Thread.run(Thread.java:832)
Nested:java.io.FileNotFoundException: http://jpos.org/dtd/genericpackager.dtd
	at java.base/sun.net.www.protocol.http.HttpURLConnection.getInputStream0(HttpURLConnection.java:1928)
	at java.base/sun.net.www.protocol.http.HttpURLConnection.getInputStream(HttpURLConnection.java:1528)
	at java.xml/com.sun.org.apache.xerces.internal.impl.XMLEntityManager.setupCurrentEntity(XMLEntityManager.java:676)
	at java.xml/com.sun.org.apache.xerces.internal.impl.XMLEntityManager.startEntity(XMLEntityManager.java:1398)
	at java.xml/com.sun.org.apache.xerces.internal.impl.XMLEntityManager.startDTDEntity(XMLEntityManager.java:1364)
	at java.xml/com.sun.org.apache.xerces.internal.impl.XMLDTDScannerImpl.setInputSource(XMLDTDScannerImpl.java:257)
	at java.xml/com.sun.org.apache.xerces.internal.impl.XMLDocumentScannerImpl$DTDDriver.dispatch(XMLDocumentScannerImpl.java:1152)
	at java.xml/com.sun.org.apache.xerces.internal.impl.XMLDocumentScannerImpl$DTDDriver.next(XMLDocumentScannerImpl.java:1040)
	at java.xml/com.sun.org.apache.xerces.internal.impl.XMLDocumentScannerImpl$PrologDriver.next(XMLDocumentScannerImpl.java:943)
	at java.xml/com.sun.org.apache.xerces.internal.impl.XMLDocumentScannerImpl.next(XMLDocumentScannerImpl.java:605)
	at java.xml/com.sun.org.apache.xerces.internal.impl.XMLNSDocumentScannerImpl.next(XMLNSDocumentScannerImpl.java:112)
	at java.xml/com.sun.org.apache.xerces.internal.impl.XMLDocumentFragmentScannerImpl.scanDocument(XMLDocumentFragmentScannerImpl.java:541)
	at java.xml/com.sun.org.apache.xerces.internal.parsers.XML11Configuration.parse(XML11Configuration.java:888)
	at java.xml/com.sun.org.apache.xerces.internal.parsers.XML11Configuration.parse(XML11Configuration.java:824)
	at java.xml/com.sun.org.apache.xerces.internal.parsers.XMLParser.parse(XMLParser.java:141)
	at java.xml/com.sun.org.apache.xerces.internal.parsers.AbstractSAXParser.parse(AbstractSAXParser.java:1149)
	at org.jpos.iso.packager.GenericPackager.readFile(GenericPackager.java:197)
	at org.jpos.iso.packager.GenericPackager.setConfiguration(GenericPackager.java:154)
	at org.jpos.q2.QFactory.setConfiguration(QFactory.java:388)
	at org.jpos.q2.iso.ChannelAdaptor.newChannel(ChannelAdaptor.java:202)
	at org.jpos.q2.iso.QServer.newChannel(QServer.java:87)
	at org.jpos.q2.iso.QServer.initServer(QServer.java:96)
	at org.jpos.q2.iso.QServer.startService(QServer.java:157)
	at org.jpos.q2.QBeanSupport.start(QBeanSupport.java:137)
	at java.base/jdk.internal.reflect.NativeMethodAccessorImpl.invoke0(Native Method)
	at java.base/jdk.internal.reflect.NativeMethodAccessorImpl.invoke(NativeMethodAccessorImpl.java:62)
	at java.base/jdk.internal.reflect.DelegatingMethodAccessorImpl.invoke(DelegatingMethodAccessorImpl.java:43)
	at java.base/java.lang.reflect.Method.invoke(Method.java:564)
	at sun.reflect.misc.Trampoline.invoke(MethodUtil.java:71)
	at jdk.internal.reflect.GeneratedMethodAccessor1.invoke(Unknown Source)
	at java.base/jdk.internal.reflect.DelegatingMethodAccessorImpl.invoke(DelegatingMethodAccessorImpl.java:43)
	at java.base/java.lang.reflect.Method.invoke(Method.java:564)
	at java.base/sun.reflect.misc.MethodUtil.invoke(MethodUtil.java:260)
	at java.management/com.sun.jmx.mbeanserver.StandardMBeanIntrospector.invokeM2(StandardMBeanIntrospector.java:112)
	at java.management/com.sun.jmx.mbeanserver.StandardMBeanIntrospector.invokeM2(StandardMBeanIntrospector.java:46)
	at java.management/com.sun.jmx.mbeanserver.MBeanIntrospector.invokeM(MBeanIntrospector.java:237)
	at java.management/com.sun.jmx.mbeanserver.PerInterface.invoke(PerInterface.java:138)
	at java.management/com.sun.jmx.mbeanserver.MBeanSupport.invoke(MBeanSupport.java:252)
	at java.management/com.sun.jmx.interceptor.DefaultMBeanServerInterceptor.invoke(DefaultMBeanServerInterceptor.java:809)
	at java.management/com.sun.jmx.mbeanserver.JmxMBeanServer.invoke(JmxMBeanServer.java:801)
	at org.jpos.q2.QFactory.startQBean(QFactory.java:183)
	at org.jpos.q2.Q2.start(Q2.java:637)
	at org.jpos.q2.Q2.deploy(Q2.java:418)
	at org.jpos.q2.Q2.run(Q2.java:267)
	at java.base/java.lang.Thread.run(Thread.java:832)
      </iso-exception>
      org.jpos.core.ConfigurationException: org.jpos.core.ConfigurationException: Error reading cfg/altopackager.xml (org.jpos.iso.ISOException: Error reading cfg/altopackager.xml (java.io.FileNotFoundException: http://jpos.org/dtd/genericpackager.dtd)) (org.jpos.core.ConfigurationException: Error reading cfg/altopackager.xml (org.jpos.iso.ISOException: Error reading cfg/altopackager.xml (java.io.FileNotFoundException: http://jpos.org/dtd/genericpackager.dtd)))
	at org.jpos.q2.QFactory.setConfiguration(QFactory.java:392)
	at org.jpos.q2.iso.ChannelAdaptor.newChannel(ChannelAdaptor.java:202)
	at org.jpos.q2.iso.QServer.newChannel(QServer.java:87)
	at org.jpos.q2.iso.QServer.initServer(QServer.java:96)
	at org.jpos.q2.iso.QServer.startService(QServer.java:157)
	at org.jpos.q2.QBeanSupport.start(QBeanSupport.java:137)
	at java.base/jdk.internal.reflect.NativeMethodAccessorImpl.invoke0(Native Method)
	at java.base/jdk.internal.reflect.NativeMethodAccessorImpl.invoke(NativeMethodAccessorImpl.java:62)
	at java.base/jdk.internal.reflect.DelegatingMethodAccessorImpl.invoke(DelegatingMethodAccessorImpl.java:43)
	at java.base/java.lang.reflect.Method.invoke(Method.java:564)
	at sun.reflect.misc.Trampoline.invoke(MethodUtil.java:71)
	at jdk.internal.reflect.GeneratedMethodAccessor1.invoke(Unknown Source)
	at java.base/jdk.internal.reflect.DelegatingMethodAccessorImpl.invoke(DelegatingMethodAccessorImpl.java:43)
	at java.base/java.lang.reflect.Method.invoke(Method.java:564)
	at java.base/sun.reflect.misc.MethodUtil.invoke(MethodUtil.java:260)
	at java.management/com.sun.jmx.mbeanserver.StandardMBeanIntrospector.invokeM2(StandardMBeanIntrospector.java:112)
	at java.management/com.sun.jmx.mbeanserver.StandardMBeanIntrospector.invokeM2(StandardMBeanIntrospector.java:46)
	at java.management/com.sun.jmx.mbeanserver.MBeanIntrospector.invokeM(MBeanIntrospector.java:237)
	at java.management/com.sun.jmx.mbeanserver.PerInterface.invoke(PerInterface.java:138)
	at java.management/com.sun.jmx.mbeanserver.MBeanSupport.invoke(MBeanSupport.java:252)
	at java.management/com.sun.jmx.interceptor.DefaultMBeanServerInterceptor.invoke(DefaultMBeanServerInterceptor.java:809)
	at java.management/com.sun.jmx.mbeanserver.JmxMBeanServer.invoke(JmxMBeanServer.java:801)
	at org.jpos.q2.QFactory.startQBean(QFactory.java:183)
	at org.jpos.q2.Q2.start(Q2.java:637)
	at org.jpos.q2.Q2.deploy(Q2.java:418)
	at org.jpos.q2.Q2.run(Q2.java:267)
	at java.base/java.lang.Thread.run(Thread.java:832)
Nested:org.jpos.core.ConfigurationException: Error reading cfg/altopackager.xml (org.jpos.iso.ISOException: Error reading cfg/altopackager.xml (java.io.FileNotFoundException: http://jpos.org/dtd/genericpackager.dtd))
	at org.jpos.iso.packager.GenericPackager.setConfiguration(GenericPackager.java:157)
	at org.jpos.q2.QFactory.setConfiguration(QFactory.java:388)
	at org.jpos.q2.iso.ChannelAdaptor.newChannel(ChannelAdaptor.java:202)
	at org.jpos.q2.iso.QServer.newChannel(QServer.java:87)
	at org.jpos.q2.iso.QServer.initServer(QServer.java:96)
	at org.jpos.q2.iso.QServer.startService(QServer.java:157)
	at org.jpos.q2.QBeanSupport.start(QBeanSupport.java:137)
	at java.base/jdk.internal.reflect.NativeMethodAccessorImpl.invoke0(Native Method)
	at java.base/jdk.internal.reflect.NativeMethodAccessorImpl.invoke(NativeMethodAccessorImpl.java:62)
	at java.base/jdk.internal.reflect.DelegatingMethodAccessorImpl.invoke(DelegatingMethodAccessorImpl.java:43)
	at java.base/java.lang.reflect.Method.invoke(Method.java:564)
	at sun.reflect.misc.Trampoline.invoke(MethodUtil.java:71)
	at jdk.internal.reflect.GeneratedMethodAccessor1.invoke(Unknown Source)
	at java.base/jdk.internal.reflect.DelegatingMethodAccessorImpl.invoke(DelegatingMethodAccessorImpl.java:43)
	at java.base/java.lang.reflect.Method.invoke(Method.java:564)
	at java.base/sun.reflect.misc.MethodUtil.invoke(MethodUtil.java:260)
	at java.management/com.sun.jmx.mbeanserver.StandardMBeanIntrospector.invokeM2(StandardMBeanIntrospector.java:112)
	at java.management/com.sun.jmx.mbeanserver.StandardMBeanIntrospector.invokeM2(StandardMBeanIntrospector.java:46)
	at java.management/com.sun.jmx.mbeanserver.MBeanIntrospector.invokeM(MBeanIntrospector.java:237)
	at java.management/com.sun.jmx.mbeanserver.PerInterface.invoke(PerInterface.java:138)
	at java.management/com.sun.jmx.mbeanserver.MBeanSupport.invoke(MBeanSupport.java:252)
	at java.management/com.sun.jmx.interceptor.DefaultMBeanServerInterceptor.invoke(DefaultMBeanServerInterceptor.java:809)
	at java.management/com.sun.jmx.mbeanserver.JmxMBeanServer.invoke(JmxMBeanServer.java:801)
	at org.jpos.q2.QFactory.startQBean(QFactory.java:183)
	at org.jpos.q2.Q2.start(Q2.java:637)
	at org.jpos.q2.Q2.deploy(Q2.java:418)
	at org.jpos.q2.Q2.run(Q2.java:267)
	at java.base/java.lang.Thread.run(Thread.java:832)
Nested:org.jpos.iso.ISOException: Error reading cfg/altopackager.xml (java.io.FileNotFoundException: http://jpos.org/dtd/genericpackager.dtd)
	at org.jpos.iso.packager.GenericPackager.setConfiguration(GenericPackager.java:157)
	at org.jpos.q2.QFactory.setConfiguration(QFactory.java:388)
	at org.jpos.q2.iso.ChannelAdaptor.newChannel(ChannelAdaptor.java:202)
	at org.jpos.q2.iso.QServer.newChannel(QServer.java:87)
	at org.jpos.q2.iso.QServer.initServer(QServer.java:96)
	at org.jpos.q2.iso.QServer.startService(QServer.java:157)
	at org.jpos.q2.QBeanSupport.start(QBeanSupport.java:137)
	at java.base/jdk.internal.reflect.NativeMethodAccessorImpl.invoke0(Native Method)
	at java.base/jdk.internal.reflect.NativeMethodAccessorImpl.invoke(NativeMethodAccessorImpl.java:62)
	at java.base/jdk.internal.reflect.DelegatingMethodAccessorImpl.invoke(DelegatingMethodAccessorImpl.java:43)
	at java.base/java.lang.reflect.Method.invoke(Method.java:564)
	at sun.reflect.misc.Trampoline.invoke(MethodUtil.java:71)
	at jdk.internal.reflect.GeneratedMethodAccessor1.invoke(Unknown Source)
	at java.base/jdk.internal.reflect.DelegatingMethodAccessorImpl.invoke(DelegatingMethodAccessorImpl.java:43)
	at java.base/java.lang.reflect.Method.invoke(Method.java:564)
	at java.base/sun.reflect.misc.MethodUtil.invoke(MethodUtil.java:260)
	at java.management/com.sun.jmx.mbeanserver.StandardMBeanIntrospector.invokeM2(StandardMBeanIntrospector.java:112)
	at java.management/com.sun.jmx.mbeanserver.StandardMBeanIntrospector.invokeM2(StandardMBeanIntrospector.java:46)
	at java.management/com.sun.jmx.mbeanserver.MBeanIntrospector.invokeM(MBeanIntrospector.java:237)
	at java.management/com.sun.jmx.mbeanserver.PerInterface.invoke(PerInterface.java:138)
	at java.management/com.sun.jmx.mbeanserver.MBeanSupport.invoke(MBeanSupport.java:252)
	at java.management/com.sun.jmx.interceptor.DefaultMBeanServerInterceptor.invoke(DefaultMBeanServerInterceptor.java:809)
	at java.management/com.sun.jmx.mbeanserver.JmxMBeanServer.invoke(JmxMBeanServer.java:801)
	at org.jpos.q2.QFactory.startQBean(QFactory.java:183)
	at org.jpos.q2.Q2.start(Q2.java:637)
	at org.jpos.q2.Q2.deploy(Q2.java:418)
	at org.jpos.q2.Q2.run(Q2.java:267)
	at java.base/java.lang.Thread.run(Thread.java:832)
Nested:java.io.FileNotFoundException: http://jpos.org/dtd/genericpackager.dtd
	at java.base/sun.net.www.protocol.http.HttpURLConnection.getInputStream0(HttpURLConnection.java:1928)
	at java.base/sun.net.www.protocol.http.HttpURLConnection.getInputStream(HttpURLConnection.java:1528)
	at java.xml/com.sun.org.apache.xerces.internal.impl.XMLEntityManager.setupCurrentEntity(XMLEntityManager.java:676)
	at java.xml/com.sun.org.apache.xerces.internal.impl.XMLEntityManager.startEntity(XMLEntityManager.java:1398)
	at java.xml/com.sun.org.apache.xerces.internal.impl.XMLEntityManager.startDTDEntity(XMLEntityManager.java:1364)
	at java.xml/com.sun.org.apache.xerces.internal.impl.XMLDTDScannerImpl.setInputSource(XMLDTDScannerImpl.java:257)
	at java.xml/com.sun.org.apache.xerces.internal.impl.XMLDocumentScannerImpl$DTDDriver.dispatch(XMLDocumentScannerImpl.java:1152)
	at java.xml/com.sun.org.apache.xerces.internal.impl.XMLDocumentScannerImpl$DTDDriver.next(XMLDocumentScannerImpl.java:1040)
	at java.xml/com.sun.org.apache.xerces.internal.impl.XMLDocumentScannerImpl$PrologDriver.next(XMLDocumentScannerImpl.java:943)
	at java.xml/com.sun.org.apache.xerces.internal.impl.XMLDocumentScannerImpl.next(XMLDocumentScannerImpl.java:605)
	at java.xml/com.sun.org.apache.xerces.internal.impl.XMLNSDocumentScannerImpl.next(XMLNSDocumentScannerImpl.java:112)
	at java.xml/com.sun.org.apache.xerces.internal.impl.XMLDocumentFragmentScannerImpl.scanDocument(XMLDocumentFragmentScannerImpl.java:541)
	at java.xml/com.sun.org.apache.xerces.internal.parsers.XML11Configuration.parse(XML11Configuration.java:888)
	at java.xml/com.sun.org.apache.xerces.internal.parsers.XML11Configuration.parse(XML11Configuration.java:824)
	at java.xml/com.sun.org.apache.xerces.internal.parsers.XMLParser.parse(XMLParser.java:141)
	at java.xml/com.sun.org.apache.xerces.internal.parsers.AbstractSAXParser.parse(AbstractSAXParser.java:1149)
	at org.jpos.iso.packager.GenericPackager.readFile(GenericPackager.java:197)
	at org.jpos.iso.packager.GenericPackager.setConfiguration(GenericPackager.java:154)
	at org.jpos.q2.QFactory.setConfiguration(QFactory.java:388)
	at org.jpos.q2.iso.ChannelAdaptor.newChannel(ChannelAdaptor.java:202)
	at org.jpos.q2.iso.QServer.newChannel(QServer.java:87)
	at org.jpos.q2.iso.QServer.initServer(QServer.java:96)
	at org.jpos.q2.iso.QServer.startService(QServer.java:157)
	at org.jpos.q2.QBeanSupport.start(QBeanSupport.java:137)
	at java.base/jdk.internal.reflect.NativeMethodAccessorImpl.invoke0(Native Method)
	at java.base/jdk.internal.reflect.NativeMethodAccessorImpl.invoke(NativeMethodAccessorImpl.java:62)
	at java.base/jdk.internal.reflect.DelegatingMethodAccessorImpl.invoke(DelegatingMethodAccessorImpl.java:43)
	at java.base/java.lang.reflect.Method.invoke(Method.java:564)
	at sun.reflect.misc.Trampoline.invoke(MethodUtil.java:71)
	at jdk.internal.reflect.GeneratedMethodAccessor1.invoke(Unknown Source)
	at java.base/jdk.internal.reflect.DelegatingMethodAccessorImpl.invoke(DelegatingMethodAccessorImpl.java:43)
	at java.base/java.lang.reflect.Method.invoke(Method.java:564)
	at java.base/sun.reflect.misc.MethodUtil.invoke(MethodUtil.java:260)
	at java.management/com.sun.jmx.mbeanserver.StandardMBeanIntrospector.invokeM2(StandardMBeanIntrospector.java:112)
	at java.management/com.sun.jmx.mbeanserver.StandardMBeanIntrospector.invokeM2(StandardMBeanIntrospector.java:46)
	at java.management/com.sun.jmx.mbeanserver.MBeanIntrospector.invokeM(MBeanIntrospector.java:237)
	at java.management/com.sun.jmx.mbeanserver.PerInterface.invoke(PerInterface.java:138)
	at java.management/com.sun.jmx.mbeanserver.MBeanSupport.invoke(MBeanSupport.java:252)
	at java.management/com.sun.jmx.interceptor.DefaultMBeanServerInterceptor.invoke(DefaultMBeanServerInterceptor.java:809)
	at java.management/com.sun.jmx.mbeanserver.JmxMBeanServer.invoke(JmxMBeanServer.java:801)
	at org.jpos.q2.QFactory.startQBean(QFactory.java:183)
	at org.jpos.q2.Q2.start(Q2.java:637)
	at org.jpos.q2.Q2.deploy(Q2.java:418)
	at org.jpos.q2.Q2.run(Q2.java:267)
	at java.base/java.lang.Thread.run(Thread.java:832)
    </iso-exception>
  </warn>
</log>
<log realm="org.jpos.q2.qbean.SystemMonitor" at="2021-09-19T13:36:42.244306">
  <info>
    Starting SystemMonitor
  </info>
</log>
<log realm="org.jpos.q2.qbean.SystemMonitor" at="2021-09-19T13:36:42.246012">
  <info>
               OS: Mac OS X (10.16)
             Java: 14.0.2 (AdoptOpenJDK) AES-secure
      environment: default
     process name: 3108@MacBook-Pro-Power.local
        user name: powercommerceasia
             host: MacBook-Pro-Power.local/192.168.100.61
              cwd: /Users/powercommerceasia/Desktop/Power/Development/my/test-iso
       free space: 185.9 GiB
     usable space: 160.7 GiB
          version: 2.1.3 (95b8dce)
         instance: a573b25d-7cd1-4ded-b5a0-b6dc6821ca85
           uptime: 00:00:16.957 (1.587891)
       processors: 8
           drift : 0
    memory(t/u/f): 130/32/97
         encoding: UTF-8
         timezone: Asia/Jakarta (West Indonesia Time) +07:00
    watch service: sun.nio.fs.PollingWatchService
            clock: 1632033407 2021-09-19T06:36:42.268665Z
     thread count: 13
     peak threads: 13
     user threads: 7
            Thread[Reference Handler,10,system]
            Thread[Finalizer,8,system]
            Thread[Signal Dispatcher,9,system]
            Thread[Notification Thread,9,system]
            Thread[Attach Listener,9,system]
            Thread[Monitor Ctrl-Break,5,main]
            Thread[pool-1-thread-1,5,main]
            Thread[Q2-a573b25d-7cd1-4ded-b5a0-b6dc6821ca85,5,main]
            Thread[DestroyJavaVM,5,main]
            Thread[FileSystemWatcher,5,main]
            Thread[Timer-0,5,main]
            Thread[SystemMonitor,5,main]
            Thread[Common-Cleaner,8,InnocuousThreadGroup]
    name-registrar:
      tspace:default: org.jpos.space.TSpace
         key-count: 0
            gcinfo: 0,0
      Q2: org.jpos.q2.Q2
      logger.Q2: org.jpos.util.Logger
      logger.: org.jpos.util.Logger
      logger.Q2.buffered: org.jpos.util.BufferedLogListener
  </info>
</log>
<log realm="Q2.system" at="2021-09-19T13:39:23.811495">
  <info>
    shutting down (hook)
  </info>
</log>
<log realm="Q2.system" at="2021-09-19T13:39:25.193251">
  <trace>
    undeploying:/Users/powercommerceasia/Desktop/Power/Development/my/test-iso/deploy/99_sysmon.xml
  </trace>
</log>
<log realm="org.jpos.q2.qbean.SystemMonitor" at="2021-09-19T13:39:25.197384">
  <info>
    Stopping SystemMonitor
  </info>
</log>
<log realm="org.jpos.q2.qbean.SystemMonitor" at="2021-09-19T13:39:25.198921">
  <info>
               OS: Mac OS X (10.16)
             Java: 14.0.2 (AdoptOpenJDK) AES-secure
      environment: default
     process name: 3108@MacBook-Pro-Power.local
        user name: powercommerceasia
             host: MacBook-Pro-Power.local/192.168.100.61
              cwd: /Users/powercommerceasia/Desktop/Power/Development/my/test-iso
       free space: 185.9 GiB
     usable space: 160.7 GiB
          version: 2.1.3 (95b8dce)
         instance: a573b25d-7cd1-4ded-b5a0-b6dc6821ca85
           uptime: 00:02:59.899 (1.133301)
       processors: 8
           drift : 0
    memory(t/u/f): 130/33/96
         encoding: UTF-8
         timezone: Asia/Jakarta (West Indonesia Time) +07:00
    watch service: sun.nio.fs.PollingWatchService
            clock: 1632033570 2021-09-19T06:39:25.202564Z
     thread count: 15
     peak threads: 16
     user threads: 8
            Thread[Reference Handler,10,system]
            Thread[Finalizer,8,system]
            Thread[Signal Dispatcher,9,system]
            Thread[Notification Thread,9,system]
            Thread[Attach Listener,9,system]
            Thread[SIGINT handler,9,system]
            Thread[Monitor Ctrl-Break,5,main]
            Thread[pool-1-thread-1,5,main]
            Thread[Q2-a573b25d-7cd1-4ded-b5a0-b6dc6821ca85,5,main]
            Thread[DestroyJavaVM,5,main]
            Thread[FileSystemWatcher,5,main]
            Thread[Timer-0,5,main]
            Thread[SystemMonitor,5,main]
            Thread[Q2-ShutdownHook,5,main]
            Thread[Common-Cleaner,8,InnocuousThreadGroup]
    name-registrar:
      tspace:default: org.jpos.space.TSpace
         key-count: 0
            gcinfo: 0,0
      Q2: org.jpos.q2.Q2
      logger.Q2: org.jpos.util.Logger
      logger.: org.jpos.util.Logger
      logger.Q2.buffered: org.jpos.util.BufferedLogListener
  </info>
</log>
<log realm="Q2.system" at="2021-09-19T13:39:30.249894" lifespan="5046ms">
  <info>
    undeployed:/Users/powercommerceasia/Desktop/Power/Development/my/test-iso/deploy/99_sysmon.xml
  </info>
</log>
<log realm="Q2.system" at="2021-09-19T13:39:30.253055">
  <trace>
    undeploying:/Users/powercommerceasia/Desktop/Power/Development/my/test-iso/deploy/10_server_incoming.xml
  </trace>
</log>
<log realm="Q2.system" at="2021-09-19T13:39:30.275450">
  <info>
    undeployed:/Users/powercommerceasia/Desktop/Power/Development/my/test-iso/deploy/10_server_incoming.xml
  </info>
</log>
<log realm="Q2.system" at="2021-09-19T13:39:30.275698">
  <trace>
    undeploying:/Users/powercommerceasia/Desktop/Power/Development/my/test-iso/deploy/00_logger.xml
  </trace>
</log>
</logger>
<?xml version="1.0" encoding="UTF-8"?>
<logger class="org.jpos.util.DailyLogListener">
<log realm="Q2.system" at="2021-09-19T13:39:32.625298">
  <info>
    Q2 started, deployDir=/Users/powercommerceasia/Desktop/Power/Development/my/test-iso/deploy, environment=default
  </info>
</log>
<log realm="Q2.system" at="2021-09-19T13:39:33.276174" lifespan="641ms">
  <version>
    jPOS 2.1.3 master/95b8dce (2019-06-16 15:16:57 ART) 

-----BEGIN PGP SIGNED MESSAGE-----
Hash: SHA1

jPOS Community Edition, licensed under GNU AGPL v3.0.
This software is probably not suitable for commercial use.
Please see http://jpos.org/license for details.

-----BEGIN PGP SIGNATURE-----
Version: GnuPG v1.4.9 (Darwin)

iQEcBAEBAgAGBQJMolHDAAoJEOQyeO71nYtFv74H/3OgehDGEy1VXp2U3/GcAobg
HH2eZjPUz53r38ARPiU3pzm9LwDa3WZgJJaa/b9VrJwKvbPwe9+0kY3gScDE1skT
ladHt+KHHmGQArEutkzHlpZa73RbroFEIa1qmN6MaDEHGoxZqDh0Sv2cpvOaVYGO
St8ZaddLBPC17bSjAPWo9sWbvL7FgPFOHhnPmbeux8SLtnfWxXWsgo5hLBanKmO1
1z+I/w/6DL6ZYZU6bAJUk+eyVVImJqw0x3IEElI07Nh9MC6BA4iJ77ejobj8HI2r
q9ulRPEqH9NR79619lNKVUkE206dVlXo7xHmJS1QZy5v/GT66xBxyDVfTduPFXk=
=oP+v
-----END PGP SIGNATURE-----

  </version>
</log>
<log realm="Q2.system" at="2021-09-19T13:39:33.292558" lifespan="9ms">
  <info>
    deploy: /Users/powercommerceasia/Desktop/Power/Development/my/test-iso/deploy/10_server_incoming.xml
  </info>
</log>
<log realm="Q2.system" at="2021-09-19T13:39:33.304257" lifespan="10ms">
  <info>
    deploy: /Users/powercommerceasia/Desktop/Power/Development/my/test-iso/deploy/99_sysmon.xml
  </info>
</log>
<log realm="org.jpos.q2.qbean.SystemMonitor" at="2021-09-19T13:39:33.371300">
  <info>
    Starting SystemMonitor
  </info>
</log>
<log realm="org.jpos.q2.qbean.SystemMonitor" at="2021-09-19T13:39:33.372216">
  <info>
               OS: Mac OS X (10.16)
             Java: 14.0.2 (AdoptOpenJDK) AES-secure
      environment: default
     process name: 3695@MacBook-Pro-Power.local
        user name: powercommerceasia
             host: MacBook-Pro-Power.local/192.168.100.61
              cwd: /Users/powercommerceasia/Desktop/Power/Development/my/test-iso
       free space: 185.9 GiB
     usable space: 160.7 GiB
          version: 2.1.3 (95b8dce)
         instance: ee31666e-9c9f-49ec-9381-7de4c25d481b
           uptime: 00:00:06.266 (1.500000)
       processors: 8
           drift : 0
    memory(t/u/f): 130/31/98
         encoding: UTF-8
         timezone: Asia/Jakarta (West Indonesia Time) +07:00
    watch service: sun.nio.fs.PollingWatchService
            clock: 1632033578 2021-09-19T06:39:33.391011Z
     thread count: 15
     peak threads: 15
     user threads: 9
            Thread[Reference Handler,10,system]
            Thread[Finalizer,8,system]
            Thread[Signal Dispatcher,9,system]
            Thread[Notification Thread,9,system]
            Thread[Attach Listener,9,system]
            Thread[Monitor Ctrl-Break,5,main]
            Thread[pool-1-thread-1,5,main]
            Thread[Q2-ee31666e-9c9f-49ec-9381-7de4c25d481b,5,main]
            Thread[DestroyJavaVM,5,main]
            Thread[FileSystemWatcher,5,main]
            Thread[Timer-0,5,main]
            Thread[Thread-2,5,main]
            Thread[SystemMonitor,5,main]
            Thread[server_incoming-ThreadPool.PooledThread-0,5,server_incoming-ThreadPool-0]
            Thread[Common-Cleaner,8,InnocuousThreadGroup]
    name-registrar:
      tspace:default: org.jpos.space.TSpace
         key-count: 0
            gcinfo: 0,0
      server.server_incoming: org.jpos.iso.ISOServer
        connected=0, rx=0, tx=0, last=0
      Q2: org.jpos.q2.Q2
      logger.Q2: org.jpos.util.Logger
      logger.: org.jpos.util.Logger
      logger.Q2.buffered: org.jpos.util.BufferedLogListener
      server_incoming: org.jpos.q2.iso.QServer
  </info>
</log>
<log realm="server_incoming.server" at="2021-09-19T13:39:38.551163" lifespan="5178ms">
  <iso-server>
    listening on port 10000
  </iso-server>
</log>
<log realm="server_incoming.server.session/127.0.0.1:49413" at="2021-09-19T13:42:19.032982">
  <session-start/>
</log>
<log realm="channel/127.0.0.1:49413" at="2021-09-19T13:44:37.368637" lifespan="138333ms">
  <receive>
    <peer-disconnect/>
  </receive>
</log>
<log realm="server_incoming.server.session/127.0.0.1:49413" at="2021-09-19T13:44:37.370057">
  <session-end/>
</log>
<log realm="Q2.system" at="2021-09-19T13:45:24.335296">
  <info>
    shutting down (hook)
  </info>
</log>
<?xml version="1.0" encoding="UTF-8"?>
<logger class="org.jpos.util.DailyLogListener">
<log realm="Q2.system" at="2021-09-19T13:53:33.294014">
  <info>
    Q2 started, deployDir=/Users/powercommerceasia/Desktop/Power/Development/my/test-iso/deploy, environment=default
  </info>
</log>
<log realm="Q2.system" at="2021-09-19T13:53:33.908506" lifespan="603ms">
  <version>
    jPOS 2.1.3 master/95b8dce (2019-06-16 15:16:57 ART) 

-----BEGIN PGP SIGNED MESSAGE-----
Hash: SHA1

jPOS Community Edition, licensed under GNU AGPL v3.0.
This software is probably not suitable for commercial use.
Please see http://jpos.org/license for details.

-----BEGIN PGP SIGNATURE-----
Version: GnuPG v1.4.9 (Darwin)

iQEcBAEBAgAGBQJMolHDAAoJEOQyeO71nYtFv74H/3OgehDGEy1VXp2U3/GcAobg
HH2eZjPUz53r38ARPiU3pzm9LwDa3WZgJJaa/b9VrJwKvbPwe9+0kY3gScDE1skT
ladHt+KHHmGQArEutkzHlpZa73RbroFEIa1qmN6MaDEHGoxZqDh0Sv2cpvOaVYGO
St8ZaddLBPC17bSjAPWo9sWbvL7FgPFOHhnPmbeux8SLtnfWxXWsgo5hLBanKmO1
1z+I/w/6DL6ZYZU6bAJUk+eyVVImJqw0x3IEElI07Nh9MC6BA4iJ77ejobj8HI2r
q9ulRPEqH9NR79619lNKVUkE206dVlXo7xHmJS1QZy5v/GT66xBxyDVfTduPFXk=
=oP+v
-----END PGP SIGNATURE-----

  </version>
</log>
<log realm="Q2.system" at="2021-09-19T13:53:33.924809" lifespan="9ms">
  <info>
    deploy: /Users/powercommerceasia/Desktop/Power/Development/my/test-iso/deploy/10_server_incoming.xml
  </info>
</log>
<log realm="Q2.system" at="2021-09-19T13:53:33.934267" lifespan="8ms">
  <info>
    deploy: /Users/powercommerceasia/Desktop/Power/Development/my/test-iso/deploy/99_sysmon.xml
  </info>
</log>
<log realm="org.jpos.q2.qbean.SystemMonitor" at="2021-09-19T13:53:34.007186">
  <info>
    Starting SystemMonitor
  </info>
</log>
<log realm="org.jpos.q2.qbean.SystemMonitor" at="2021-09-19T13:53:34.008841">
  <info>
               OS: Mac OS X (10.16)
             Java: 14.0.2 (AdoptOpenJDK) AES-secure
      environment: default
     process name: 6364@MacBook-Pro-Power.local
        user name: powercommerceasia
             host: MacBook-Pro-Power.local/192.168.100.61
              cwd: /Users/powercommerceasia/Desktop/Power/Development/my/test-iso
       free space: 185.9 GiB
     usable space: 160.7 GiB
          version: 2.1.3 (95b8dce)
         instance: 39fa64f5-1b8b-4ed6-9180-fbd43393a347
           uptime: 00:00:06.258 (1.216797)
       processors: 8
           drift : 0
    memory(t/u/f): 130/32/97
         encoding: UTF-8
         timezone: Asia/Jakarta (West Indonesia Time) +07:00
    watch service: sun.nio.fs.PollingWatchService
            clock: 1632034419 2021-09-19T06:53:34.033553Z
     thread count: 15
     peak threads: 15
     user threads: 9
            Thread[Reference Handler,10,system]
            Thread[Finalizer,8,system]
            Thread[Signal Dispatcher,9,system]
            Thread[Notification Thread,9,system]
            Thread[Attach Listener,9,system]
            Thread[Monitor Ctrl-Break,5,main]
            Thread[pool-1-thread-1,5,main]
            Thread[Q2-39fa64f5-1b8b-4ed6-9180-fbd43393a347,5,main]
            Thread[DestroyJavaVM,5,main]
            Thread[FileSystemWatcher,5,main]
            Thread[Timer-0,5,main]
            Thread[Thread-2,5,main]
            Thread[SystemMonitor,5,main]
            Thread[server_incoming-ThreadPool.PooledThread-0,5,server_incoming-ThreadPool-0]
            Thread[Common-Cleaner,8,InnocuousThreadGroup]
    name-registrar:
      tspace:default: org.jpos.space.TSpace
         key-count: 0
            gcinfo: 0,0
      server.server_incoming: org.jpos.iso.ISOServer
        connected=0, rx=0, tx=0, last=0
      Q2: org.jpos.q2.Q2
      logger.Q2: org.jpos.util.Logger
      logger.: org.jpos.util.Logger
      logger.Q2.buffered: org.jpos.util.BufferedLogListener
      server_incoming: org.jpos.q2.iso.QServer
  </info>
</log>
<log realm="server_incoming.server" at="2021-09-19T13:53:39.158970" lifespan="5149ms">
  <iso-server>
    listening on port 10000
  </iso-server>
</log>
<log realm="server_incoming.server.session/127.0.0.1:49487" at="2021-09-19T13:54:36.087675">
  <session-start/>
</log>
<log realm="channel/127.0.0.1:49487" at="2021-09-19T13:55:06.533232" lifespan="30444ms">
  <receive>
    <peer-disconnect/>
  </receive>
</log>
<log realm="server_incoming.server.session/127.0.0.1:49487" at="2021-09-19T13:55:06.534158">
  <session-end/>
</log>
<log realm="server_incoming.server.session/127.0.0.1:49519" at="2021-09-19T13:57:54.843402">
  <session-start/>
</log>
<log realm="channel/127.0.0.1:49519" at="2021-09-19T13:58:51.555931" lifespan="56710ms">
  <receive>
    <isomsg direction="incoming">
      <!-- org.jpos.iso.packager.GenericPackager[cfg/altopackager.xml] -->
      <field id="0" value="0200"/>
      <field id="3" value="000010"/>
      <field id="4" value="000000001500"/>
      <field id="7" value="1206041200"/>
      <field id="11" value="000001"/>
      <field id="41" value="12340001"/>
      <field id="49" value="840"/>
    </isomsg>
  </receive>
</log>
<log realm="channel/127.0.0.1:49519" at="2021-09-19T13:58:51.560404" lifespan="1ms">
  <send>
    <isomsg direction="outgoing">
      <!-- org.jpos.iso.packager.GenericPackager[cfg/altopackager.xml] -->
      <field id="0" value="0810"/>
      <field id="3" value="000010"/>
      <field id="4" value="100000"/>
      <field id="7" value="1206041200"/>
      <field id="11" value="000001"/>
      <field id="39" value="00"/>
      <field id="41" value="12340001"/>
      <field id="49" value="840"/>
      <field id="104" value="Puguh"/>
    </isomsg>
  </send>
</log>
<log realm="channel/127.0.0.1:49519" at="2021-09-19T13:59:19.820188" lifespan="28259ms">
  <receive>
    <peer-disconnect/>
  </receive>
</log>
<log realm="server_incoming.server.session/127.0.0.1:49519" at="2021-09-19T13:59:19.823898">
  <session-end/>
</log>
<log realm="Q2.system" at="2021-09-19T14:00:12.219479">
  <info>
    shutting down (hook)
  </info>
</log>
<log realm="Q2.system" at="2021-09-19T14:00:12.421817">
  <trace>
    undeploying:/Users/powercommerceasia/Desktop/Power/Development/my/test-iso/deploy/99_sysmon.xml
  </trace>
</log>
<log realm="org.jpos.q2.qbean.SystemMonitor" at="2021-09-19T14:00:12.424447">
  <info>
    Stopping SystemMonitor
  </info>
</log>
<log realm="org.jpos.q2.qbean.SystemMonitor" at="2021-09-19T14:00:12.426985">
  <info>
               OS: Mac OS X (10.16)
             Java: 14.0.2 (AdoptOpenJDK) AES-secure
      environment: default
     process name: 6364@MacBook-Pro-Power.local
        user name: powercommerceasia
             host: MacBook-Pro-Power.local/192.168.100.61
              cwd: /Users/powercommerceasia/Desktop/Power/Development/my/test-iso
       free space: 185.9 GiB
     usable space: 160.7 GiB
          version: 2.1.3 (95b8dce)
         instance: 39fa64f5-1b8b-4ed6-9180-fbd43393a347
           uptime: 00:06:44.650 (1.326172)
       processors: 8
           drift : 0
    memory(t/u/f): 130/34/95
         encoding: UTF-8
         timezone: Asia/Jakarta (West Indonesia Time) +07:00
    watch service: sun.nio.fs.PollingWatchService
            clock: 1632034817 2021-09-19T07:00:12.428249Z
     thread count: 17
     peak threads: 18
     user threads: 10
            Thread[Reference Handler,10,system]
            Thread[Finalizer,8,system]
            Thread[Signal Dispatcher,9,system]
            Thread[Notification Thread,9,system]
            Thread[Attach Listener,9,system]
            Thread[SIGINT handler,9,system]
            Thread[Monitor Ctrl-Break,5,main]
            Thread[pool-1-thread-1,5,main]
            Thread[Q2-39fa64f5-1b8b-4ed6-9180-fbd43393a347,5,main]
            Thread[DestroyJavaVM,5,main]
            Thread[FileSystemWatcher,5,main]
            Thread[Timer-0,5,main]
            Thread[Thread-2,5,main]
            Thread[SystemMonitor,5,main]
            Thread[Q2-ShutdownHook,5,main]
            Thread[server_incoming-ThreadPool.PooledThread-0-idle,5,server_incoming-ThreadPool-0]
            Thread[Common-Cleaner,8,InnocuousThreadGroup]
    name-registrar:
      tspace:default: org.jpos.space.TSpace
         key-count: 0
            gcinfo: 0,0
      server.server_incoming: org.jpos.iso.ISOServer
        connected=0, rx=0, tx=0, last=1632034731558, idle=85897ms
      Q2: org.jpos.q2.Q2
      logger.Q2: org.jpos.util.Logger
      logger.: org.jpos.util.Logger
      logger.Q2.buffered: org.jpos.util.BufferedLogListener
      server_incoming: org.jpos.q2.iso.QServer
  </info>
</log>
<log realm="Q2.system" at="2021-09-19T14:00:17.455705" lifespan="5027ms">
  <info>
    undeployed:/Users/powercommerceasia/Desktop/Power/Development/my/test-iso/deploy/99_sysmon.xml
  </info>
</log>
<log realm="Q2.system" at="2021-09-19T14:00:17.457395">
  <trace>
    undeploying:/Users/powercommerceasia/Desktop/Power/Development/my/test-iso/deploy/10_server_incoming.xml
  </trace>
</log>
<log realm="server_incoming.pool" at="2021-09-19T14:00:17.468475">
  <queue-closed/>
</log>
<log realm="Q2.system" at="2021-09-19T14:00:17.477601">
  <info>
    undeployed:/Users/powercommerceasia/Desktop/Power/Development/my/test-iso/deploy/10_server_incoming.xml
  </info>
</log>
<log realm="Q2.system" at="2021-09-19T14:00:17.478569">
  <trace>
    undeploying:/Users/powercommerceasia/Desktop/Power/Development/my/test-iso/deploy/00_logger.xml
  </trace>
</log>
</logger>
<?xml version="1.0" encoding="UTF-8"?>
<logger class="org.jpos.util.DailyLogListener">
<log realm="Q2.system" at="2021-09-19T14:00:40.727648">
  <info>
    Q2 started, deployDir=/Users/powercommerceasia/Desktop/Power/Development/my/test-iso/deploy, environment=default
  </info>
</log>
<log realm="Q2.system" at="2021-09-19T14:00:41.290900" lifespan="554ms">
  <version>
    jPOS 2.1.3 master/95b8dce (2019-06-16 15:16:57 ART) 

-----BEGIN PGP SIGNED MESSAGE-----
Hash: SHA1

jPOS Community Edition, licensed under GNU AGPL v3.0.
This software is probably not suitable for commercial use.
Please see http://jpos.org/license for details.

-----BEGIN PGP SIGNATURE-----
Version: GnuPG v1.4.9 (Darwin)

iQEcBAEBAgAGBQJMolHDAAoJEOQyeO71nYtFv74H/3OgehDGEy1VXp2U3/GcAobg
HH2eZjPUz53r38ARPiU3pzm9LwDa3WZgJJaa/b9VrJwKvbPwe9+0kY3gScDE1skT
ladHt+KHHmGQArEutkzHlpZa73RbroFEIa1qmN6MaDEHGoxZqDh0Sv2cpvOaVYGO
St8ZaddLBPC17bSjAPWo9sWbvL7FgPFOHhnPmbeux8SLtnfWxXWsgo5hLBanKmO1
1z+I/w/6DL6ZYZU6bAJUk+eyVVImJqw0x3IEElI07Nh9MC6BA4iJ77ejobj8HI2r
q9ulRPEqH9NR79619lNKVUkE206dVlXo7xHmJS1QZy5v/GT66xBxyDVfTduPFXk=
=oP+v
-----END PGP SIGNATURE-----

  </version>
</log>
<log realm="Q2.system" at="2021-09-19T14:00:41.306263" lifespan="8ms">
  <info>
    deploy: /Users/powercommerceasia/Desktop/Power/Development/my/test-iso/deploy/10_server_incoming.xml
  </info>
</log>
<log realm="Q2.system" at="2021-09-19T14:00:41.314150" lifespan="7ms">
  <info>
    deploy: /Users/powercommerceasia/Desktop/Power/Development/my/test-iso/deploy/99_sysmon.xml
  </info>
</log>
<log realm="org.jpos.q2.qbean.SystemMonitor" at="2021-09-19T14:00:41.380498">
  <info>
    Starting SystemMonitor
  </info>
</log>
<log realm="org.jpos.q2.qbean.SystemMonitor" at="2021-09-19T14:00:41.383144">
  <info>
               OS: Mac OS X (10.16)
             Java: 14.0.2 (AdoptOpenJDK) AES-secure
      environment: default
     process name: 7728@MacBook-Pro-Power.local
        user name: powercommerceasia
             host: MacBook-Pro-Power.local/192.168.100.61
              cwd: /Users/powercommerceasia/Desktop/Power/Development/my/test-iso
       free space: 185.9 GiB
     usable space: 160.7 GiB
          version: 2.1.3 (95b8dce)
         instance: 647461dc-1df5-4334-8bdf-f7e3495dcbde
           uptime: 00:00:06.175 (1.428711)
       processors: 8
           drift : 0
    memory(t/u/f): 130/40/89
         encoding: UTF-8
         timezone: Asia/Jakarta (West Indonesia Time) +07:00
    watch service: sun.nio.fs.PollingWatchService
            clock: 1632034846 2021-09-19T07:00:41.406518Z
     thread count: 13
     peak threads: 13
     user threads: 8
            Thread[Reference Handler,10,system]
            Thread[Finalizer,8,system]
            Thread[Signal Dispatcher,9,system]
            Thread[Notification Thread,9,system]
            Thread[pool-1-thread-1,5,main]
            Thread[Q2-647461dc-1df5-4334-8bdf-f7e3495dcbde,5,main]
            Thread[DestroyJavaVM,5,main]
            Thread[FileSystemWatcher,5,main]
            Thread[Timer-0,5,main]
            Thread[Thread-2,5,main]
            Thread[SystemMonitor,5,main]
            Thread[server_incoming-ThreadPool.PooledThread-0,5,server_incoming-ThreadPool-0]
            Thread[Common-Cleaner,8,InnocuousThreadGroup]
    name-registrar:
      tspace:default: org.jpos.space.TSpace
         key-count: 0
            gcinfo: 0,0
      server.server_incoming: org.jpos.iso.ISOServer
        connected=0, rx=0, tx=0, last=0
      Q2: org.jpos.q2.Q2
      logger.Q2: org.jpos.util.Logger
      logger.: org.jpos.util.Logger
      logger.Q2.buffered: org.jpos.util.BufferedLogListener
      server_incoming: org.jpos.q2.iso.QServer
  </info>
</log>
<log realm="server_incoming.server" at="2021-09-19T14:00:46.561729" lifespan="5160ms">
  <iso-server>
    listening on port 10000
  </iso-server>
</log>
<log realm="server_incoming.server.session/127.0.0.1:49554" at="2021-09-19T14:02:02.893929">
  <session-start/>
</log>
<log realm="channel/127.0.0.1:49554" at="2021-09-19T14:02:37.666730" lifespan="34732ms">
  <receive>
    <peer-disconnect/>
  </receive>
</log>
<log realm="server_incoming.server.session/127.0.0.1:49554" at="2021-09-19T14:02:37.668244">
  <session-end/>
</log>
<log realm="server_incoming.server.session/127.0.0.1:49576" at="2021-09-19T14:03:20.163263">
  <session-start/>
</log>
<log realm="channel/127.0.0.1:49576" at="2021-09-19T14:03:31.169491" lifespan="11005ms">
  <receive>
    <isomsg direction="incoming">
      <!-- org.jpos.iso.packager.GenericPackager[cfg/altopackager.xml] -->
      <field id="0" value="0200"/>
      <field id="3" value="000010"/>
      <field id="4" value="000000001500"/>
      <field id="7" value="1206041200"/>
      <field id="11" value="000001"/>
      <field id="41" value="12340001"/>
      <field id="49" value="840"/>
    </isomsg>
  </receive>
</log>
<log realm="channel/127.0.0.1:49576" at="2021-09-19T14:04:45.319297" lifespan="6ms">
  <send>
    <isomsg direction="outgoing">
      <!-- org.jpos.iso.packager.GenericPackager[cfg/altopackager.xml] -->
      <field id="0" value="0810"/>
      <field id="3" value="000010"/>
      <field id="4" value="100000"/>
      <field id="7" value="1206041200"/>
      <field id="11" value="000001"/>
      <field id="39" value="00"/>
      <field id="41" value="12340001"/>
      <field id="49" value="840"/>
      <field id="104" value="Puguh"/>
    </isomsg>
  </send>
</log>
<log realm="channel/127.0.0.1:49576" at="2021-09-19T14:04:52.244201" lifespan="6922ms">
  <receive>
    <peer-disconnect/>
  </receive>
</log>
<log realm="server_incoming.server.session/127.0.0.1:49576" at="2021-09-19T14:04:52.247231">
  <session-end/>
</log>
<log realm="server_incoming.server.session/127.0.0.1:50071" at="2021-09-19T14:47:27.450097">
  <session-start/>
</log>
<log realm="channel/127.0.0.1:50071" at="2021-09-19T14:47:27.455104" lifespan="2ms">
  <receive>
    <isomsg direction="incoming">
      <!-- org.jpos.iso.packager.GenericPackager[cfg/altopackager.xml] -->
      <field id="0" value="0200"/>
      <field id="3" value="000010"/>
      <field id="4" value="000000001500"/>
      <field id="7" value="1206041200"/>
      <field id="11" value="000001"/>
      <field id="41" value="12340001"/>
      <field id="49" value="840"/>
    </isomsg>
  </receive>
</log>
<log realm="channel/127.0.0.1:50071" at="2021-09-19T14:47:34.001550" lifespan="2ms">
  <send>
    <isomsg direction="outgoing">
      <!-- org.jpos.iso.packager.GenericPackager[cfg/altopackager.xml] -->
      <field id="0" value="0810"/>
      <field id="3" value="000010"/>
      <field id="4" value="100000"/>
      <field id="7" value="1206041200"/>
      <field id="11" value="000001"/>
      <field id="39" value="00"/>
      <field id="41" value="12340001"/>
      <field id="49" value="840"/>
      <field id="104" value="Puguh"/>
    </isomsg>
  </send>
</log>
<log realm="channel/127.0.0.1:50071" at="2021-09-19T14:47:34.006420" lifespan="3ms">
  <receive>
    <peer-disconnect/>
  </receive>
</log>
<log realm="server_incoming.server.session/127.0.0.1:50071" at="2021-09-19T14:47:34.010623">
  <session-end/>
</log>
<log realm="server_incoming.server.session/127.0.0.1:50095" at="2021-09-19T14:48:35.136733">
  <session-start/>
</log>
<log realm="channel/127.0.0.1:50095" at="2021-09-19T14:48:35.138218">
  <receive>
    <isomsg direction="incoming">
      <!-- org.jpos.iso.packager.GenericPackager[cfg/altopackager.xml] -->
      <field id="0" value="0200"/>
      <field id="3" value="000010"/>
      <field id="4" value="000000001500"/>
      <field id="7" value="1206041200"/>
      <field id="11" value="000001"/>
      <field id="41" value="12340001"/>
      <field id="49" value="840"/>
    </isomsg>
  </receive>
</log>
<log realm="channel/127.0.0.1:50095" at="2021-09-19T14:48:37.878415" lifespan="1ms">
  <send>
    <isomsg direction="outgoing">
      <!-- org.jpos.iso.packager.GenericPackager[cfg/altopackager.xml] -->
      <field id="0" value="0810"/>
      <field id="3" value="000010"/>
      <field id="4" value="100000"/>
      <field id="7" value="1206041200"/>
      <field id="11" value="000001"/>
      <field id="39" value="00"/>
      <field id="41" value="12340001"/>
      <field id="49" value="840"/>
      <field id="104" value="Puguh"/>
    </isomsg>
  </send>
</log>
<log realm="channel/127.0.0.1:50095" at="2021-09-19T14:48:37.883939" lifespan="4ms">
  <receive>
    <peer-disconnect/>
  </receive>
</log>
<log realm="server_incoming.server.session/127.0.0.1:50095" at="2021-09-19T14:48:37.885948">
  <session-end/>
</log>
<log realm="Q2.system" at="2021-09-19T14:50:25.543154">
  <info>
    shutting down (hook)
  </info>
</log>
<log realm="Q2.system" at="2021-09-19T14:50:25.612436">
  <trace>
    undeploying:/Users/powercommerceasia/Desktop/Power/Development/my/test-iso/deploy/99_sysmon.xml
  </trace>
</log>
<log realm="org.jpos.q2.qbean.SystemMonitor" at="2021-09-19T14:50:25.620275">
  <info>
    Stopping SystemMonitor
  </info>
</log>
